mode: set
perpustakaan/features/book/usecase/service.go:18.69,23.2 1 1
perpustakaan/features/book/usecase/service.go:25.92,28.16 2 1
perpustakaan/features/book/usecase/service.go:28.16,30.3 1 1
perpustakaan/features/book/usecase/service.go:32.2,32.18 1 1
perpustakaan/features/book/usecase/service.go:35.66,38.16 2 1
perpustakaan/features/book/usecase/service.go:38.16,40.3 1 1
perpustakaan/features/book/usecase/service.go:42.2,42.17 1 1
perpustakaan/features/book/usecase/service.go:45.106,49.80 3 1
perpustakaan/features/book/usecase/service.go:49.80,51.3 1 0
perpustakaan/features/book/usecase/service.go:53.2,58.16 4 1
perpustakaan/features/book/usecase/service.go:58.16,60.3 1 1
perpustakaan/features/book/usecase/service.go:62.2,64.90 3 1
perpustakaan/features/book/usecase/service.go:64.90,66.3 1 0
perpustakaan/features/book/usecase/service.go:68.2,70.28 2 1
perpustakaan/features/book/usecase/service.go:73.106,76.84 2 1
perpustakaan/features/book/usecase/service.go:76.84,78.3 1 0
perpustakaan/features/book/usecase/service.go:80.2,87.16 5 1
perpustakaan/features/book/usecase/service.go:87.16,89.3 1 1
perpustakaan/features/book/usecase/service.go:91.2,91.17 1 1
perpustakaan/features/book/usecase/service.go:94.55,97.16 2 1
perpustakaan/features/book/usecase/service.go:97.16,99.3 1 1
perpustakaan/features/book/usecase/service.go:101.2,101.17 1 1
