mode: set
perpustakaan/features/book/usecase/service.go:17.69,22.2 1 1
perpustakaan/features/book/usecase/service.go:24.92,27.16 2 1
perpustakaan/features/book/usecase/service.go:27.16,29.3 1 1
perpustakaan/features/book/usecase/service.go:31.2,31.18 1 1
perpustakaan/features/book/usecase/service.go:34.66,37.16 2 1
perpustakaan/features/book/usecase/service.go:37.16,39.3 1 1
perpustakaan/features/book/usecase/service.go:41.2,41.17 1 1
perpustakaan/features/book/usecase/service.go:44.106,47.80 2 1
perpustakaan/features/book/usecase/service.go:47.80,49.3 1 0
perpustakaan/features/book/usecase/service.go:51.2,53.16 2 1
perpustakaan/features/book/usecase/service.go:53.16,55.3 1 0
perpustakaan/features/book/usecase/service.go:57.2,60.22 3 1
perpustakaan/features/book/usecase/service.go:60.22,62.3 1 1
perpustakaan/features/book/usecase/service.go:64.2,66.90 3 1
perpustakaan/features/book/usecase/service.go:66.90,68.3 1 0
perpustakaan/features/book/usecase/service.go:70.2,72.28 2 1
perpustakaan/features/book/usecase/service.go:75.80,78.84 2 1
perpustakaan/features/book/usecase/service.go:78.84,80.3 1 0
perpustakaan/features/book/usecase/service.go:82.2,85.16 3 1
perpustakaan/features/book/usecase/service.go:85.16,87.3 1 1
perpustakaan/features/book/usecase/service.go:89.2,89.17 1 1
perpustakaan/features/book/usecase/service.go:92.55,95.16 2 1
perpustakaan/features/book/usecase/service.go:95.16,97.3 1 1
perpustakaan/features/book/usecase/service.go:99.2,99.17 1 1
