mode: set
perpustakaan/features/transaction/usecase/service.go:22.60,26.2 1 1
perpustakaan/features/transaction/usecase/service.go:28.77,33.16 3 1
perpustakaan/features/transaction/usecase/service.go:33.16,35.3 1 1
perpustakaan/features/transaction/usecase/service.go:37.2,37.43 1 1
perpustakaan/features/transaction/usecase/service.go:37.43,40.85 2 1
perpustakaan/features/transaction/usecase/service.go:40.85,42.4 1 0
perpustakaan/features/transaction/usecase/service.go:44.3,44.26 1 1
perpustakaan/features/transaction/usecase/service.go:47.2,47.16 1 1
perpustakaan/features/transaction/usecase/service.go:50.80,54.16 3 1
perpustakaan/features/transaction/usecase/service.go:54.16,56.3 1 1
perpustakaan/features/transaction/usecase/service.go:58.2,58.83 1 1
perpustakaan/features/transaction/usecase/service.go:58.83,60.3 1 0
perpustakaan/features/transaction/usecase/service.go:62.2,64.16 2 1
perpustakaan/features/transaction/usecase/service.go:64.16,66.3 1 1
perpustakaan/features/transaction/usecase/service.go:68.2,70.17 2 1
perpustakaan/features/transaction/usecase/service.go:73.97,78.16 3 0
perpustakaan/features/transaction/usecase/service.go:78.16,80.3 1 0
perpustakaan/features/transaction/usecase/service.go:82.2,82.37 1 0
perpustakaan/features/transaction/usecase/service.go:82.37,83.49 1 0
perpustakaan/features/transaction/usecase/service.go:83.49,86.26 2 0
perpustakaan/features/transaction/usecase/service.go:86.26,88.5 1 0
perpustakaan/features/transaction/usecase/service.go:90.4,90.47 1 0
perpustakaan/features/transaction/usecase/service.go:92.8,95.46 2 0
perpustakaan/features/transaction/usecase/service.go:95.46,97.4 1 0
perpustakaan/features/transaction/usecase/service.go:100.2,107.33 4 0
perpustakaan/features/transaction/usecase/service.go:107.33,115.3 2 0
perpustakaan/features/transaction/usecase/service.go:117.2,132.16 7 0
perpustakaan/features/transaction/usecase/service.go:132.16,134.3 1 0
perpustakaan/features/transaction/usecase/service.go:136.2,139.94 3 0
perpustakaan/features/transaction/usecase/service.go:139.94,142.3 2 0
perpustakaan/features/transaction/usecase/service.go:143.2,148.16 5 0
perpustakaan/features/transaction/usecase/service.go:148.16,150.3 1 0
perpustakaan/features/transaction/usecase/service.go:152.2,152.92 1 0
perpustakaan/features/transaction/usecase/service.go:152.92,154.3 1 0
perpustakaan/features/transaction/usecase/service.go:156.2,158.28 2 0
perpustakaan/features/transaction/usecase/service.go:161.151,164.38 2 1
perpustakaan/features/transaction/usecase/service.go:164.38,167.17 2 1
perpustakaan/features/transaction/usecase/service.go:167.17,169.4 1 1
perpustakaan/features/transaction/usecase/service.go:171.3,171.50 1 0
perpustakaan/features/transaction/usecase/service.go:171.50,174.26 2 0
perpustakaan/features/transaction/usecase/service.go:174.26,176.5 1 0
perpustakaan/features/transaction/usecase/service.go:178.4,178.47 1 0
perpustakaan/features/transaction/usecase/service.go:180.8,183.46 2 1
perpustakaan/features/transaction/usecase/service.go:183.46,185.4 1 1
perpustakaan/features/transaction/usecase/service.go:188.2,190.98 2 1
perpustakaan/features/transaction/usecase/service.go:190.98,192.3 1 0
perpustakaan/features/transaction/usecase/service.go:194.2,200.16 6 1
perpustakaan/features/transaction/usecase/service.go:200.16,202.3 1 1
perpustakaan/features/transaction/usecase/service.go:204.2,204.92 1 1
perpustakaan/features/transaction/usecase/service.go:204.92,206.3 1 1
perpustakaan/features/transaction/usecase/service.go:208.2,208.17 1 1
perpustakaan/features/transaction/usecase/service.go:211.62,214.16 2 1
perpustakaan/features/transaction/usecase/service.go:214.16,216.3 1 1
perpustakaan/features/transaction/usecase/service.go:218.2,218.17 1 1
perpustakaan/features/transaction/usecase/service.go:221.74,223.12 2 1
perpustakaan/features/transaction/usecase/service.go:223.12,225.3 1 1
perpustakaan/features/transaction/usecase/service.go:227.2,228.16 2 1
perpustakaan/features/transaction/usecase/service.go:228.16,230.3 1 1
perpustakaan/features/transaction/usecase/service.go:232.2,233.16 2 1
perpustakaan/features/transaction/usecase/service.go:233.16,235.3 1 1
perpustakaan/features/transaction/usecase/service.go:237.2,237.74 1 1
perpustakaan/features/transaction/usecase/service.go:237.74,239.3 1 1
perpustakaan/features/transaction/usecase/service.go:241.2,241.17 1 1
