mode: set
perpustakaan/features/transaction/usecase/service.go:19.83,24.2 1 1
perpustakaan/features/transaction/usecase/service.go:26.77,31.16 3 1
perpustakaan/features/transaction/usecase/service.go:31.16,33.3 1 1
perpustakaan/features/transaction/usecase/service.go:35.2,35.43 1 1
perpustakaan/features/transaction/usecase/service.go:35.43,38.85 2 1
perpustakaan/features/transaction/usecase/service.go:38.85,40.4 1 0
perpustakaan/features/transaction/usecase/service.go:42.3,42.26 1 1
perpustakaan/features/transaction/usecase/service.go:45.2,45.16 1 1
perpustakaan/features/transaction/usecase/service.go:48.80,52.16 3 1
perpustakaan/features/transaction/usecase/service.go:52.16,54.3 1 1
perpustakaan/features/transaction/usecase/service.go:56.2,56.83 1 1
perpustakaan/features/transaction/usecase/service.go:56.83,58.3 1 0
perpustakaan/features/transaction/usecase/service.go:60.2,62.16 2 1
perpustakaan/features/transaction/usecase/service.go:62.16,64.3 1 1
perpustakaan/features/transaction/usecase/service.go:66.2,68.17 2 1
perpustakaan/features/transaction/usecase/service.go:71.97,76.16 3 1
perpustakaan/features/transaction/usecase/service.go:76.16,78.3 1 0
perpustakaan/features/transaction/usecase/service.go:80.2,80.37 1 1
perpustakaan/features/transaction/usecase/service.go:80.37,81.49 1 1
perpustakaan/features/transaction/usecase/service.go:81.49,84.26 2 1
perpustakaan/features/transaction/usecase/service.go:84.26,86.5 1 1
perpustakaan/features/transaction/usecase/service.go:88.4,88.47 1 0
perpustakaan/features/transaction/usecase/service.go:90.8,93.46 2 1
perpustakaan/features/transaction/usecase/service.go:93.46,95.4 1 1
perpustakaan/features/transaction/usecase/service.go:98.2,105.33 4 1
perpustakaan/features/transaction/usecase/service.go:105.33,113.3 2 1
perpustakaan/features/transaction/usecase/service.go:115.2,125.16 4 1
perpustakaan/features/transaction/usecase/service.go:125.16,127.3 1 1
perpustakaan/features/transaction/usecase/service.go:129.2,132.94 3 1
perpustakaan/features/transaction/usecase/service.go:132.94,135.3 2 0
perpustakaan/features/transaction/usecase/service.go:136.2,141.16 5 1
perpustakaan/features/transaction/usecase/service.go:141.16,143.3 1 1
perpustakaan/features/transaction/usecase/service.go:145.2,145.92 1 1
perpustakaan/features/transaction/usecase/service.go:145.92,147.3 1 0
perpustakaan/features/transaction/usecase/service.go:149.2,151.28 2 1
perpustakaan/features/transaction/usecase/service.go:154.151,157.38 2 1
perpustakaan/features/transaction/usecase/service.go:157.38,160.17 2 1
perpustakaan/features/transaction/usecase/service.go:160.17,162.4 1 1
perpustakaan/features/transaction/usecase/service.go:164.3,164.50 1 0
perpustakaan/features/transaction/usecase/service.go:164.50,167.26 2 0
perpustakaan/features/transaction/usecase/service.go:167.26,169.5 1 0
perpustakaan/features/transaction/usecase/service.go:171.4,171.47 1 0
perpustakaan/features/transaction/usecase/service.go:173.8,176.46 2 1
perpustakaan/features/transaction/usecase/service.go:176.46,178.4 1 1
perpustakaan/features/transaction/usecase/service.go:181.2,183.98 2 1
perpustakaan/features/transaction/usecase/service.go:183.98,185.3 1 0
perpustakaan/features/transaction/usecase/service.go:187.2,193.16 6 1
perpustakaan/features/transaction/usecase/service.go:193.16,195.3 1 1
perpustakaan/features/transaction/usecase/service.go:197.2,197.92 1 1
perpustakaan/features/transaction/usecase/service.go:197.92,199.3 1 1
perpustakaan/features/transaction/usecase/service.go:201.2,201.17 1 1
perpustakaan/features/transaction/usecase/service.go:204.62,207.16 2 1
perpustakaan/features/transaction/usecase/service.go:207.16,209.3 1 1
perpustakaan/features/transaction/usecase/service.go:211.2,211.17 1 1
perpustakaan/features/transaction/usecase/service.go:214.74,216.12 2 1
perpustakaan/features/transaction/usecase/service.go:216.12,218.3 1 1
perpustakaan/features/transaction/usecase/service.go:220.2,221.16 2 1
perpustakaan/features/transaction/usecase/service.go:221.16,223.3 1 1
perpustakaan/features/transaction/usecase/service.go:225.2,225.16 1 1
perpustakaan/features/transaction/usecase/service.go:225.16,227.3 1 0
perpustakaan/features/transaction/usecase/service.go:229.2,230.16 2 1
perpustakaan/features/transaction/usecase/service.go:230.16,232.3 1 1
perpustakaan/features/transaction/usecase/service.go:234.2,234.74 1 1
perpustakaan/features/transaction/usecase/service.go:234.74,236.3 1 1
perpustakaan/features/transaction/usecase/service.go:238.2,238.17 1 1
