mode: set
perpustakaan/features/author/usecase/service.go:16.50,20.2 1 1
perpustakaan/features/author/usecase/service.go:22.94,27.16 3 1
perpustakaan/features/author/usecase/service.go:27.16,29.3 1 1
perpustakaan/features/author/usecase/service.go:31.2,31.33 1 1
perpustakaan/features/author/usecase/service.go:31.33,34.80 2 1
perpustakaan/features/author/usecase/service.go:34.80,36.4 1 0
perpustakaan/features/author/usecase/service.go:38.3,41.17 3 1
perpustakaan/features/author/usecase/service.go:41.17,43.4 1 0
perpustakaan/features/author/usecase/service.go:45.3,49.26 3 1
perpustakaan/features/author/usecase/service.go:52.2,52.16 1 1
perpustakaan/features/author/usecase/service.go:55.70,59.16 3 1
perpustakaan/features/author/usecase/service.go:59.16,61.3 1 1
perpustakaan/features/author/usecase/service.go:63.2,63.78 1 1
perpustakaan/features/author/usecase/service.go:63.78,65.3 1 0
perpustakaan/features/author/usecase/service.go:67.2,68.16 2 1
perpustakaan/features/author/usecase/service.go:68.16,70.3 1 0
perpustakaan/features/author/usecase/service.go:72.2,76.17 3 1
perpustakaan/features/author/usecase/service.go:79.82,82.84 2 1
perpustakaan/features/author/usecase/service.go:82.84,84.3 1 0
perpustakaan/features/author/usecase/service.go:86.2,88.16 2 1
perpustakaan/features/author/usecase/service.go:88.16,90.3 1 1
perpustakaan/features/author/usecase/service.go:92.2,94.81 2 1
perpustakaan/features/author/usecase/service.go:94.81,96.3 1 0
perpustakaan/features/author/usecase/service.go:98.2,98.17 1 1
perpustakaan/features/author/usecase/service.go:101.86,104.88 2 1
perpustakaan/features/author/usecase/service.go:104.88,106.3 1 0
perpustakaan/features/author/usecase/service.go:108.2,111.16 3 1
perpustakaan/features/author/usecase/service.go:111.16,113.3 1 1
perpustakaan/features/author/usecase/service.go:115.2,115.17 1 1
perpustakaan/features/author/usecase/service.go:118.57,121.16 2 1
perpustakaan/features/author/usecase/service.go:121.16,123.3 1 1
perpustakaan/features/author/usecase/service.go:125.2,125.17 1 1
perpustakaan/features/author/usecase/service.go:128.76,131.16 2 1
perpustakaan/features/author/usecase/service.go:131.16,133.3 1 1
perpustakaan/features/author/usecase/service.go:135.2,135.17 1 1
perpustakaan/features/author/usecase/service.go:138.94,139.78 1 1
perpustakaan/features/author/usecase/service.go:139.78,141.3 1 1
perpustakaan/features/author/usecase/service.go:143.2,145.16 2 1
perpustakaan/features/author/usecase/service.go:145.16,147.3 1 1
perpustakaan/features/author/usecase/service.go:149.2,149.24 1 1
perpustakaan/features/author/usecase/service.go:152.71,155.16 2 1
perpustakaan/features/author/usecase/service.go:155.16,157.3 1 1
perpustakaan/features/author/usecase/service.go:159.2,159.17 1 1
