mode: set
perpustakaan/features/member/usecase/service.go:14.50,18.2 1 1
perpustakaan/features/member/usecase/service.go:20.115,25.16 3 1
perpustakaan/features/member/usecase/service.go:25.16,27.3 1 1
perpustakaan/features/member/usecase/service.go:29.2,29.33 1 1
perpustakaan/features/member/usecase/service.go:29.33,32.80 2 1
perpustakaan/features/member/usecase/service.go:32.80,34.4 1 0
perpustakaan/features/member/usecase/service.go:36.3,36.26 1 1
perpustakaan/features/member/usecase/service.go:39.2,39.16 1 1
perpustakaan/features/member/usecase/service.go:42.70,46.16 3 1
perpustakaan/features/member/usecase/service.go:46.16,48.3 1 1
perpustakaan/features/member/usecase/service.go:50.2,50.78 1 1
perpustakaan/features/member/usecase/service.go:50.78,52.3 1 0
perpustakaan/features/member/usecase/service.go:54.2,54.17 1 1
perpustakaan/features/member/usecase/service.go:57.82,62.26 3 1
perpustakaan/features/member/usecase/service.go:62.26,64.3 1 1
perpustakaan/features/member/usecase/service.go:66.2,68.37 2 1
perpustakaan/features/member/usecase/service.go:68.37,70.3 1 1
perpustakaan/features/member/usecase/service.go:72.2,72.84 1 1
perpustakaan/features/member/usecase/service.go:72.84,74.3 1 0
perpustakaan/features/member/usecase/service.go:76.2,78.16 2 1
perpustakaan/features/member/usecase/service.go:78.16,80.3 1 1
perpustakaan/features/member/usecase/service.go:82.2,84.81 2 1
perpustakaan/features/member/usecase/service.go:84.81,86.3 1 0
perpustakaan/features/member/usecase/service.go:88.2,88.17 1 1
perpustakaan/features/member/usecase/service.go:91.86,94.88 2 1
perpustakaan/features/member/usecase/service.go:94.88,96.3 1 0
perpustakaan/features/member/usecase/service.go:98.2,101.16 3 1
perpustakaan/features/member/usecase/service.go:101.16,103.3 1 1
perpustakaan/features/member/usecase/service.go:105.2,105.17 1 1
perpustakaan/features/member/usecase/service.go:108.57,111.16 2 1
perpustakaan/features/member/usecase/service.go:111.16,113.3 1 1
perpustakaan/features/member/usecase/service.go:115.2,115.17 1 1
