mode: set
perpustakaan/features/member/usecase/service.go:16.73,21.2 1 1
perpustakaan/features/member/usecase/service.go:23.115,28.16 3 1
perpustakaan/features/member/usecase/service.go:28.16,30.3 1 1
perpustakaan/features/member/usecase/service.go:32.2,32.33 1 1
perpustakaan/features/member/usecase/service.go:32.33,35.80 2 1
perpustakaan/features/member/usecase/service.go:35.80,37.4 1 0
perpustakaan/features/member/usecase/service.go:39.3,39.26 1 1
perpustakaan/features/member/usecase/service.go:42.2,42.16 1 1
perpustakaan/features/member/usecase/service.go:45.70,49.16 3 1
perpustakaan/features/member/usecase/service.go:49.16,51.3 1 1
perpustakaan/features/member/usecase/service.go:53.2,53.78 1 1
perpustakaan/features/member/usecase/service.go:53.78,55.3 1 0
perpustakaan/features/member/usecase/service.go:57.2,57.17 1 1
perpustakaan/features/member/usecase/service.go:60.82,65.26 3 1
perpustakaan/features/member/usecase/service.go:65.26,67.3 1 1
perpustakaan/features/member/usecase/service.go:69.2,71.37 2 1
perpustakaan/features/member/usecase/service.go:71.37,73.3 1 1
perpustakaan/features/member/usecase/service.go:75.2,75.84 1 1
perpustakaan/features/member/usecase/service.go:75.84,77.3 1 0
perpustakaan/features/member/usecase/service.go:79.2,80.24 2 1
perpustakaan/features/member/usecase/service.go:80.24,82.3 1 1
perpustakaan/features/member/usecase/service.go:84.2,88.16 3 1
perpustakaan/features/member/usecase/service.go:88.16,90.3 1 1
perpustakaan/features/member/usecase/service.go:92.2,94.81 2 1
perpustakaan/features/member/usecase/service.go:94.81,96.3 1 0
perpustakaan/features/member/usecase/service.go:98.2,98.17 1 1
perpustakaan/features/member/usecase/service.go:101.86,104.88 2 1
perpustakaan/features/member/usecase/service.go:104.88,106.3 1 0
perpustakaan/features/member/usecase/service.go:108.2,109.24 2 1
perpustakaan/features/member/usecase/service.go:109.24,111.3 1 1
perpustakaan/features/member/usecase/service.go:113.2,118.16 4 1
perpustakaan/features/member/usecase/service.go:118.16,120.3 1 1
perpustakaan/features/member/usecase/service.go:122.2,122.17 1 1
perpustakaan/features/member/usecase/service.go:125.57,128.16 2 1
perpustakaan/features/member/usecase/service.go:128.16,130.3 1 1
perpustakaan/features/member/usecase/service.go:132.2,132.17 1 1
