mode: set
perpustakaan/features/loan_history/usecase/service.go:14.62,18.2 1 1
perpustakaan/features/loan_history/usecase/service.go:20.115,23.16 2 1
perpustakaan/features/loan_history/usecase/service.go:23.16,25.3 1 1
perpustakaan/features/loan_history/usecase/service.go:27.2,27.26 1 1
perpustakaan/features/loan_history/usecase/service.go:30.80,33.16 2 1
perpustakaan/features/loan_history/usecase/service.go:33.16,35.3 1 1
perpustakaan/features/loan_history/usecase/service.go:37.2,37.24 1 1
perpustakaan/features/loan_history/usecase/service.go:40.97,43.94 2 1
perpustakaan/features/loan_history/usecase/service.go:43.94,45.3 1 0
perpustakaan/features/loan_history/usecase/service.go:47.2,50.16 3 1
perpustakaan/features/loan_history/usecase/service.go:50.16,52.3 1 1
perpustakaan/features/loan_history/usecase/service.go:54.2,54.16 1 1
perpustakaan/features/loan_history/usecase/service.go:57.101,60.98 2 1
perpustakaan/features/loan_history/usecase/service.go:60.98,62.3 1 0
perpustakaan/features/loan_history/usecase/service.go:64.2,67.16 3 1
perpustakaan/features/loan_history/usecase/service.go:67.16,69.3 1 1
perpustakaan/features/loan_history/usecase/service.go:71.2,71.17 1 1
perpustakaan/features/loan_history/usecase/service.go:74.101,77.16 2 1
perpustakaan/features/loan_history/usecase/service.go:77.16,79.3 1 1
perpustakaan/features/loan_history/usecase/service.go:81.2,81.17 1 1
perpustakaan/features/loan_history/usecase/service.go:84.62,87.16 2 1
perpustakaan/features/loan_history/usecase/service.go:87.16,89.3 1 1
perpustakaan/features/loan_history/usecase/service.go:91.2,91.17 1 1
