mode: set
perpustakaan/features/publisher/usecase/service.go:14.56,18.2 1 1
perpustakaan/features/publisher/usecase/service.go:20.97,25.16 3 1
perpustakaan/features/publisher/usecase/service.go:25.16,27.3 1 1
perpustakaan/features/publisher/usecase/service.go:29.2,29.39 1 1
perpustakaan/features/publisher/usecase/service.go:29.39,32.83 2 1
perpustakaan/features/publisher/usecase/service.go:32.83,34.4 1 0
perpustakaan/features/publisher/usecase/service.go:36.3,36.26 1 1
perpustakaan/features/publisher/usecase/service.go:39.2,39.16 1 1
perpustakaan/features/publisher/usecase/service.go:42.76,47.16 3 1
perpustakaan/features/publisher/usecase/service.go:47.16,49.3 1 1
perpustakaan/features/publisher/usecase/service.go:51.2,51.81 1 1
perpustakaan/features/publisher/usecase/service.go:51.81,53.3 1 0
perpustakaan/features/publisher/usecase/service.go:55.2,55.17 1 1
perpustakaan/features/publisher/usecase/service.go:58.84,61.83 2 1
perpustakaan/features/publisher/usecase/service.go:61.83,63.3 1 0
perpustakaan/features/publisher/usecase/service.go:65.2,67.16 2 1
perpustakaan/features/publisher/usecase/service.go:67.16,69.3 1 1
perpustakaan/features/publisher/usecase/service.go:71.2,73.81 2 1
perpustakaan/features/publisher/usecase/service.go:73.81,75.3 1 0
perpustakaan/features/publisher/usecase/service.go:77.2,77.17 1 1
perpustakaan/features/publisher/usecase/service.go:80.95,83.91 2 1
perpustakaan/features/publisher/usecase/service.go:83.91,85.3 1 0
perpustakaan/features/publisher/usecase/service.go:87.2,90.16 3 1
perpustakaan/features/publisher/usecase/service.go:90.16,92.3 1 1
perpustakaan/features/publisher/usecase/service.go:94.2,94.17 1 1
perpustakaan/features/publisher/usecase/service.go:97.60,100.16 2 1
perpustakaan/features/publisher/usecase/service.go:100.16,102.3 1 1
perpustakaan/features/publisher/usecase/service.go:104.2,104.17 1 1
