mode: set
perpustakaan/features/feedback/usecase/service.go:16.77,21.2 1 1
perpustakaan/features/feedback/usecase/service.go:23.116,26.16 2 1
perpustakaan/features/feedback/usecase/service.go:26.16,28.3 1 1
perpustakaan/features/feedback/usecase/service.go:30.2,31.37 2 1
perpustakaan/features/feedback/usecase/service.go:31.37,32.28 1 1
perpustakaan/features/feedback/usecase/service.go:32.28,34.4 1 0
perpustakaan/features/feedback/usecase/service.go:36.3,44.5 1 1
perpustakaan/features/feedback/usecase/service.go:47.2,47.30 1 1
perpustakaan/features/feedback/usecase/service.go:50.80,53.16 2 1
perpustakaan/features/feedback/usecase/service.go:53.16,55.3 1 1
perpustakaan/features/feedback/usecase/service.go:57.2,57.21 1 1
perpustakaan/features/feedback/usecase/service.go:60.94,63.88 2 1
perpustakaan/features/feedback/usecase/service.go:63.88,65.3 1 0
perpustakaan/features/feedback/usecase/service.go:67.2,70.16 3 1
perpustakaan/features/feedback/usecase/service.go:70.16,72.3 1 1
perpustakaan/features/feedback/usecase/service.go:74.2,76.89 2 1
perpustakaan/features/feedback/usecase/service.go:76.89,78.3 1 0
perpustakaan/features/feedback/usecase/service.go:80.2,80.31 1 1
perpustakaan/features/feedback/usecase/service.go:83.101,86.91 2 1
perpustakaan/features/feedback/usecase/service.go:86.91,88.3 1 0
perpustakaan/features/feedback/usecase/service.go:90.2,94.16 4 1
perpustakaan/features/feedback/usecase/service.go:94.16,96.3 1 1
perpustakaan/features/feedback/usecase/service.go:98.2,98.23 1 1
perpustakaan/features/feedback/usecase/service.go:101.59,104.16 2 1
perpustakaan/features/feedback/usecase/service.go:104.16,106.3 1 1
perpustakaan/features/feedback/usecase/service.go:108.2,108.17 1 1
