mode: set
perpustakaan/features/feedback/usecase/service.go:14.54,18.2 1 1
perpustakaan/features/feedback/usecase/service.go:20.116,23.16 2 1
perpustakaan/features/feedback/usecase/service.go:23.16,25.3 1 1
perpustakaan/features/feedback/usecase/service.go:27.2,28.37 2 1
perpustakaan/features/feedback/usecase/service.go:28.37,29.28 1 1
perpustakaan/features/feedback/usecase/service.go:29.28,31.4 1 0
perpustakaan/features/feedback/usecase/service.go:33.3,41.5 1 1
perpustakaan/features/feedback/usecase/service.go:44.2,44.30 1 1
perpustakaan/features/feedback/usecase/service.go:47.80,50.16 2 1
perpustakaan/features/feedback/usecase/service.go:50.16,52.3 1 1
perpustakaan/features/feedback/usecase/service.go:54.2,54.21 1 1
perpustakaan/features/feedback/usecase/service.go:57.94,60.88 2 1
perpustakaan/features/feedback/usecase/service.go:60.88,62.3 1 0
perpustakaan/features/feedback/usecase/service.go:64.2,65.16 2 1
perpustakaan/features/feedback/usecase/service.go:65.16,67.3 1 1
perpustakaan/features/feedback/usecase/service.go:69.2,71.89 2 1
perpustakaan/features/feedback/usecase/service.go:71.89,73.3 1 0
perpustakaan/features/feedback/usecase/service.go:75.2,75.31 1 1
perpustakaan/features/feedback/usecase/service.go:78.101,81.91 2 1
perpustakaan/features/feedback/usecase/service.go:81.91,83.3 1 0
perpustakaan/features/feedback/usecase/service.go:85.2,89.16 4 1
perpustakaan/features/feedback/usecase/service.go:89.16,91.3 1 1
perpustakaan/features/feedback/usecase/service.go:93.2,93.23 1 1
perpustakaan/features/feedback/usecase/service.go:96.59,99.16 2 1
perpustakaan/features/feedback/usecase/service.go:99.16,101.3 1 1
perpustakaan/features/feedback/usecase/service.go:103.2,103.17 1 1
