mode: set
perpustakaan/features/author/mocks/repository.go:18.75,23.55 4 1
perpustakaan/features/author/mocks/repository.go:23.55,25.3 1 0
perpustakaan/features/author/mocks/repository.go:26.2,26.46 1 1
perpustakaan/features/author/mocks/repository.go:26.46,28.3 1 0
perpustakaan/features/author/mocks/repository.go:28.8,30.3 1 1
perpustakaan/features/author/mocks/repository.go:32.2,32.48 1 1
perpustakaan/features/author/mocks/repository.go:32.48,34.3 1 0
perpustakaan/features/author/mocks/repository.go:34.8,36.3 1 1
perpustakaan/features/author/mocks/repository.go:38.2,38.15 1 1
perpustakaan/features/author/mocks/repository.go:42.61,47.55 4 1
perpustakaan/features/author/mocks/repository.go:47.55,49.3 1 0
perpustakaan/features/author/mocks/repository.go:50.2,50.46 1 1
perpustakaan/features/author/mocks/repository.go:50.46,52.3 1 0
perpustakaan/features/author/mocks/repository.go:52.8,54.3 1 1
perpustakaan/features/author/mocks/repository.go:56.2,56.48 1 1
perpustakaan/features/author/mocks/repository.go:56.48,58.3 1 0
perpustakaan/features/author/mocks/repository.go:58.8,60.3 1 1
perpustakaan/features/author/mocks/repository.go:62.2,62.15 1 1
perpustakaan/features/author/mocks/repository.go:66.68,71.65 4 1
perpustakaan/features/author/mocks/repository.go:71.65,73.3 1 0
perpustakaan/features/author/mocks/repository.go:74.2,74.56 1 1
perpustakaan/features/author/mocks/repository.go:74.56,76.3 1 0
perpustakaan/features/author/mocks/repository.go:76.8,78.3 1 1
perpustakaan/features/author/mocks/repository.go:80.2,80.58 1 1
perpustakaan/features/author/mocks/repository.go:80.58,82.3 1 0
perpustakaan/features/author/mocks/repository.go:82.8,84.3 1 1
perpustakaan/features/author/mocks/repository.go:86.2,86.15 1 1
perpustakaan/features/author/mocks/repository.go:90.103,95.89 4 1
perpustakaan/features/author/mocks/repository.go:95.89,97.3 1 0
perpustakaan/features/author/mocks/repository.go:98.2,98.80 1 1
perpustakaan/features/author/mocks/repository.go:98.80,100.3 1 0
perpustakaan/features/author/mocks/repository.go:100.8,101.24 1 1
perpustakaan/features/author/mocks/repository.go:101.24,103.4 1 1
perpustakaan/features/author/mocks/repository.go:106.2,106.68 1 1
perpustakaan/features/author/mocks/repository.go:106.68,108.3 1 0
perpustakaan/features/author/mocks/repository.go:108.8,110.3 1 1
perpustakaan/features/author/mocks/repository.go:112.2,112.15 1 1
perpustakaan/features/author/mocks/repository.go:116.81,121.61 4 1
perpustakaan/features/author/mocks/repository.go:121.61,123.3 1 0
perpustakaan/features/author/mocks/repository.go:124.2,124.52 1 1
perpustakaan/features/author/mocks/repository.go:124.52,126.3 1 0
perpustakaan/features/author/mocks/repository.go:126.8,128.3 1 1
perpustakaan/features/author/mocks/repository.go:130.2,130.53 1 1
perpustakaan/features/author/mocks/repository.go:130.53,132.3 1 0
perpustakaan/features/author/mocks/repository.go:132.8,134.3 1 1
perpustakaan/features/author/mocks/repository.go:136.2,136.15 1 1
perpustakaan/features/author/mocks/repository.go:140.95,145.80 4 1
perpustakaan/features/author/mocks/repository.go:145.80,147.3 1 0
perpustakaan/features/author/mocks/repository.go:148.2,148.71 1 1
perpustakaan/features/author/mocks/repository.go:148.71,150.3 1 0
perpustakaan/features/author/mocks/repository.go:150.8,151.24 1 1
perpustakaan/features/author/mocks/repository.go:151.24,153.4 1 1
perpustakaan/features/author/mocks/repository.go:156.2,156.61 1 1
perpustakaan/features/author/mocks/repository.go:156.61,158.3 1 0
perpustakaan/features/author/mocks/repository.go:158.8,160.3 1 1
perpustakaan/features/author/mocks/repository.go:162.2,162.15 1 1
perpustakaan/features/author/mocks/repository.go:166.90,171.70 4 1
perpustakaan/features/author/mocks/repository.go:171.70,173.3 1 0
perpustakaan/features/author/mocks/repository.go:174.2,174.61 1 1
perpustakaan/features/author/mocks/repository.go:174.61,176.3 1 0
perpustakaan/features/author/mocks/repository.go:176.8,177.24 1 1
perpustakaan/features/author/mocks/repository.go:177.24,179.4 1 1
perpustakaan/features/author/mocks/repository.go:182.2,182.48 1 1
perpustakaan/features/author/mocks/repository.go:182.48,184.3 1 0
perpustakaan/features/author/mocks/repository.go:184.8,186.3 1 1
perpustakaan/features/author/mocks/repository.go:188.2,188.15 1 1
perpustakaan/features/author/mocks/repository.go:192.72,197.66 4 1
perpustakaan/features/author/mocks/repository.go:197.66,199.3 1 0
perpustakaan/features/author/mocks/repository.go:200.2,200.57 1 1
perpustakaan/features/author/mocks/repository.go:200.57,202.3 1 0
perpustakaan/features/author/mocks/repository.go:202.8,203.24 1 1
perpustakaan/features/author/mocks/repository.go:203.24,205.4 1 1
perpustakaan/features/author/mocks/repository.go:208.2,208.48 1 1
perpustakaan/features/author/mocks/repository.go:208.48,210.3 1 0
perpustakaan/features/author/mocks/repository.go:210.8,212.3 1 1
perpustakaan/features/author/mocks/repository.go:214.2,214.15 1 1
perpustakaan/features/author/mocks/repository.go:218.62,223.65 4 1
perpustakaan/features/author/mocks/repository.go:223.65,225.3 1 0
perpustakaan/features/author/mocks/repository.go:226.2,226.56 1 1
perpustakaan/features/author/mocks/repository.go:226.56,228.3 1 0
perpustakaan/features/author/mocks/repository.go:228.8,230.3 1 1
perpustakaan/features/author/mocks/repository.go:232.2,232.58 1 1
perpustakaan/features/author/mocks/repository.go:232.58,234.3 1 0
perpustakaan/features/author/mocks/repository.go:234.8,236.3 1 1
perpustakaan/features/author/mocks/repository.go:238.2,238.15 1 1
perpustakaan/features/author/mocks/repository.go:246.16,250.19 3 1
perpustakaan/features/author/mocks/repository.go:250.19,250.49 1 1
perpustakaan/features/author/mocks/repository.go:252.2,252.13 1 1
perpustakaan/features/author/usecase/service.go:16.50,20.2 1 1
perpustakaan/features/author/usecase/service.go:22.94,27.16 3 1
perpustakaan/features/author/usecase/service.go:27.16,29.3 1 1
perpustakaan/features/author/usecase/service.go:31.2,31.33 1 1
perpustakaan/features/author/usecase/service.go:31.33,34.80 2 1
perpustakaan/features/author/usecase/service.go:34.80,36.4 1 0
perpustakaan/features/author/usecase/service.go:38.3,41.17 3 1
perpustakaan/features/author/usecase/service.go:41.17,43.4 1 0
perpustakaan/features/author/usecase/service.go:45.3,49.26 3 1
perpustakaan/features/author/usecase/service.go:52.2,52.16 1 1
perpustakaan/features/author/usecase/service.go:55.70,59.16 3 1
perpustakaan/features/author/usecase/service.go:59.16,61.3 1 1
perpustakaan/features/author/usecase/service.go:63.2,63.78 1 1
perpustakaan/features/author/usecase/service.go:63.78,65.3 1 0
perpustakaan/features/author/usecase/service.go:67.2,68.16 2 1
perpustakaan/features/author/usecase/service.go:68.16,70.3 1 0
perpustakaan/features/author/usecase/service.go:72.2,76.17 3 1
perpustakaan/features/author/usecase/service.go:79.82,82.84 2 1
perpustakaan/features/author/usecase/service.go:82.84,84.3 1 0
perpustakaan/features/author/usecase/service.go:86.2,88.16 2 1
perpustakaan/features/author/usecase/service.go:88.16,90.3 1 1
perpustakaan/features/author/usecase/service.go:92.2,94.81 2 1
perpustakaan/features/author/usecase/service.go:94.81,96.3 1 0
perpustakaan/features/author/usecase/service.go:98.2,98.17 1 1
perpustakaan/features/author/usecase/service.go:101.86,104.88 2 1
perpustakaan/features/author/usecase/service.go:104.88,106.3 1 0
perpustakaan/features/author/usecase/service.go:108.2,111.16 3 1
perpustakaan/features/author/usecase/service.go:111.16,113.3 1 1
perpustakaan/features/author/usecase/service.go:115.2,115.17 1 1
perpustakaan/features/author/usecase/service.go:118.57,121.16 2 1
perpustakaan/features/author/usecase/service.go:121.16,123.3 1 1
perpustakaan/features/author/usecase/service.go:125.2,125.17 1 1
perpustakaan/features/author/usecase/service.go:128.76,131.16 2 1
perpustakaan/features/author/usecase/service.go:131.16,133.3 1 1
perpustakaan/features/author/usecase/service.go:135.2,135.17 1 1
perpustakaan/features/author/usecase/service.go:138.94,139.78 1 1
perpustakaan/features/author/usecase/service.go:139.78,141.3 1 1
perpustakaan/features/author/usecase/service.go:143.2,145.16 2 1
perpustakaan/features/author/usecase/service.go:145.16,147.3 1 1
perpustakaan/features/author/usecase/service.go:149.2,149.24 1 1
perpustakaan/features/author/usecase/service.go:152.71,155.16 2 1
perpustakaan/features/author/usecase/service.go:155.16,157.3 1 1
perpustakaan/features/author/usecase/service.go:159.2,159.17 1 1
perpustakaan/features/auth/mocks/repository.go:18.96,23.78 4 1
perpustakaan/features/auth/mocks/repository.go:23.78,25.3 1 0
perpustakaan/features/auth/mocks/repository.go:26.2,26.69 1 1
perpustakaan/features/auth/mocks/repository.go:26.69,28.3 1 0
perpustakaan/features/auth/mocks/repository.go:28.8,29.24 1 1
perpustakaan/features/auth/mocks/repository.go:29.24,31.4 1 1
perpustakaan/features/auth/mocks/repository.go:34.2,34.59 1 1
perpustakaan/features/auth/mocks/repository.go:34.59,36.3 1 0
perpustakaan/features/auth/mocks/repository.go:36.8,38.3 1 1
perpustakaan/features/auth/mocks/repository.go:40.2,40.15 1 1
perpustakaan/features/auth/mocks/repository.go:44.89,49.70 4 1
perpustakaan/features/auth/mocks/repository.go:49.70,51.3 1 0
perpustakaan/features/auth/mocks/repository.go:52.2,52.61 1 1
perpustakaan/features/auth/mocks/repository.go:52.61,54.3 1 0
perpustakaan/features/auth/mocks/repository.go:54.8,55.24 1 1
perpustakaan/features/auth/mocks/repository.go:55.24,57.4 1 1
perpustakaan/features/auth/mocks/repository.go:60.2,60.51 1 1
perpustakaan/features/auth/mocks/repository.go:60.51,62.3 1 0
perpustakaan/features/auth/mocks/repository.go:62.8,64.3 1 1
perpustakaan/features/auth/mocks/repository.go:66.2,66.15 1 1
perpustakaan/features/auth/mocks/repository.go:70.103,75.69 4 1
perpustakaan/features/auth/mocks/repository.go:75.69,77.3 1 0
perpustakaan/features/auth/mocks/repository.go:78.2,78.60 1 1
perpustakaan/features/auth/mocks/repository.go:78.60,80.3 1 0
perpustakaan/features/auth/mocks/repository.go:80.8,81.24 1 1
perpustakaan/features/auth/mocks/repository.go:81.24,83.4 1 0
perpustakaan/features/auth/mocks/repository.go:86.2,86.51 1 1
perpustakaan/features/auth/mocks/repository.go:86.51,88.3 1 0
perpustakaan/features/auth/mocks/repository.go:88.8,90.3 1 1
perpustakaan/features/auth/mocks/repository.go:92.2,92.15 1 1
perpustakaan/features/auth/mocks/repository.go:100.16,104.19 3 1
perpustakaan/features/auth/mocks/repository.go:104.19,104.49 1 1
perpustakaan/features/auth/mocks/repository.go:106.2,106.13 1 1
perpustakaan/features/auth/usecase/service.go:16.69,21.2 1 1
perpustakaan/features/auth/usecase/service.go:23.120,28.17 4 1
perpustakaan/features/auth/usecase/service.go:28.17,31.17 2 1
perpustakaan/features/auth/usecase/service.go:31.17,33.4 1 1
perpustakaan/features/auth/usecase/service.go:35.3,36.21 2 1
perpustakaan/features/auth/usecase/service.go:37.8,40.17 2 1
perpustakaan/features/auth/usecase/service.go:40.17,42.4 1 1
perpustakaan/features/auth/usecase/service.go:44.3,45.18 2 0
perpustakaan/features/auth/usecase/service.go:48.2,48.16 1 1
perpustakaan/features/auth/usecase/service.go:48.16,50.3 1 0
perpustakaan/features/auth/usecase/service.go:52.2,52.31 1 1
perpustakaan/features/auth/usecase/service.go:52.31,54.3 1 0
perpustakaan/features/auth/usecase/service.go:56.2,56.88 1 1
perpustakaan/features/auth/usecase/service.go:56.88,65.3 3 1
perpustakaan/features/auth/usecase/service.go:67.2,67.39 1 1
perpustakaan/features/auth/usecase/service.go:70.89,73.16 2 1
perpustakaan/features/auth/usecase/service.go:73.16,75.3 1 1
perpustakaan/features/auth/usecase/service.go:77.2,79.82 2 1
perpustakaan/features/auth/usecase/service.go:79.82,81.3 1 0
perpustakaan/features/auth/usecase/service.go:83.2,83.22 1 1
perpustakaan/features/auth/usecase/service.go:86.112,89.95 2 1
perpustakaan/features/auth/usecase/service.go:89.95,91.3 1 0
perpustakaan/features/auth/usecase/service.go:93.2,94.24 2 1
perpustakaan/features/auth/usecase/service.go:94.24,96.3 1 1
perpustakaan/features/auth/usecase/service.go:97.2,101.16 3 1
perpustakaan/features/auth/usecase/service.go:101.16,103.3 1 1
perpustakaan/features/auth/usecase/service.go:105.2,107.90 2 1
perpustakaan/features/auth/usecase/service.go:107.90,109.3 1 0
perpustakaan/features/auth/usecase/service.go:111.2,111.26 1 1
perpustakaan/features/auth/usecase/service.go:114.81,117.18 2 1
perpustakaan/features/auth/usecase/service.go:117.18,119.3 1 1
perpustakaan/features/auth/usecase/service.go:121.2,124.7 1 1
perpustakaan/features/book/mocks/repository.go:18.59,23.55 4 1
perpustakaan/features/book/mocks/repository.go:23.55,25.3 1 0
perpustakaan/features/book/mocks/repository.go:26.2,26.46 1 1
perpustakaan/features/book/mocks/repository.go:26.46,28.3 1 0
perpustakaan/features/book/mocks/repository.go:28.8,30.3 1 1
perpustakaan/features/book/mocks/repository.go:32.2,32.48 1 1
perpustakaan/features/book/mocks/repository.go:32.48,34.3 1 0
perpustakaan/features/book/mocks/repository.go:34.8,36.3 1 1
perpustakaan/features/book/mocks/repository.go:38.2,38.15 1 1
perpustakaan/features/book/mocks/repository.go:42.62,47.61 4 1
perpustakaan/features/book/mocks/repository.go:47.61,49.3 1 0
perpustakaan/features/book/mocks/repository.go:50.2,50.52 1 1
perpustakaan/features/book/mocks/repository.go:50.52,52.3 1 0
perpustakaan/features/book/mocks/repository.go:52.8,54.3 1 1
perpustakaan/features/book/mocks/repository.go:56.2,56.54 1 1
perpustakaan/features/book/mocks/repository.go:56.54,58.3 1 0
perpustakaan/features/book/mocks/repository.go:58.8,60.3 1 1
perpustakaan/features/book/mocks/repository.go:62.2,62.15 1 1
perpustakaan/features/book/mocks/repository.go:66.94,71.79 4 1
perpustakaan/features/book/mocks/repository.go:71.79,73.3 1 0
perpustakaan/features/book/mocks/repository.go:74.2,74.70 1 1
perpustakaan/features/book/mocks/repository.go:74.70,76.3 1 0
perpustakaan/features/book/mocks/repository.go:76.8,77.24 1 1
perpustakaan/features/book/mocks/repository.go:77.24,79.4 1 1
perpustakaan/features/book/mocks/repository.go:82.2,82.61 1 1
perpustakaan/features/book/mocks/repository.go:82.61,84.3 1 0
perpustakaan/features/book/mocks/repository.go:84.8,86.3 1 1
perpustakaan/features/book/mocks/repository.go:88.2,88.15 1 1
perpustakaan/features/book/mocks/repository.go:92.69,97.65 4 1
perpustakaan/features/book/mocks/repository.go:97.65,99.3 1 0
perpustakaan/features/book/mocks/repository.go:100.2,100.56 1 1
perpustakaan/features/book/mocks/repository.go:100.56,102.3 1 0
perpustakaan/features/book/mocks/repository.go:102.8,103.24 1 1
perpustakaan/features/book/mocks/repository.go:103.24,105.4 1 1
perpustakaan/features/book/mocks/repository.go:108.2,108.48 1 1
perpustakaan/features/book/mocks/repository.go:108.48,110.3 1 0
perpustakaan/features/book/mocks/repository.go:110.8,112.3 1 1
perpustakaan/features/book/mocks/repository.go:114.2,114.15 1 1
perpustakaan/features/book/mocks/repository.go:118.58,123.61 4 1
perpustakaan/features/book/mocks/repository.go:123.61,125.3 1 0
perpustakaan/features/book/mocks/repository.go:126.2,126.52 1 1
perpustakaan/features/book/mocks/repository.go:126.52,128.3 1 0
perpustakaan/features/book/mocks/repository.go:128.8,130.3 1 1
perpustakaan/features/book/mocks/repository.go:132.2,132.54 1 1
perpustakaan/features/book/mocks/repository.go:132.54,134.3 1 0
perpustakaan/features/book/mocks/repository.go:134.8,136.3 1 1
perpustakaan/features/book/mocks/repository.go:138.2,138.15 1 1
perpustakaan/features/book/mocks/repository.go:146.16,150.19 3 1
perpustakaan/features/book/mocks/repository.go:150.19,150.49 1 1
perpustakaan/features/book/mocks/repository.go:152.2,152.13 1 1
perpustakaan/features/book/usecase/service.go:18.69,23.2 1 1
perpustakaan/features/book/usecase/service.go:25.92,28.16 2 1
perpustakaan/features/book/usecase/service.go:28.16,30.3 1 1
perpustakaan/features/book/usecase/service.go:32.2,32.18 1 1
perpustakaan/features/book/usecase/service.go:35.66,38.16 2 1
perpustakaan/features/book/usecase/service.go:38.16,40.3 1 1
perpustakaan/features/book/usecase/service.go:42.2,42.17 1 1
perpustakaan/features/book/usecase/service.go:45.106,49.80 3 1
perpustakaan/features/book/usecase/service.go:49.80,51.3 1 0
perpustakaan/features/book/usecase/service.go:53.2,58.16 4 1
perpustakaan/features/book/usecase/service.go:58.16,60.3 1 1
perpustakaan/features/book/usecase/service.go:62.2,64.90 3 1
perpustakaan/features/book/usecase/service.go:64.90,66.3 1 0
perpustakaan/features/book/usecase/service.go:68.2,70.28 2 1
perpustakaan/features/book/usecase/service.go:73.106,76.84 2 1
perpustakaan/features/book/usecase/service.go:76.84,78.3 1 0
perpustakaan/features/book/usecase/service.go:80.2,87.16 5 1
perpustakaan/features/book/usecase/service.go:87.16,89.3 1 1
perpustakaan/features/book/usecase/service.go:91.2,91.17 1 1
perpustakaan/features/book/usecase/service.go:94.55,97.16 2 1
perpustakaan/features/book/usecase/service.go:97.16,99.3 1 1
perpustakaan/features/book/usecase/service.go:101.2,101.17 1 1
perpustakaan/features/feedback/mocks/repository.go:18.63,23.55 4 1
perpustakaan/features/feedback/mocks/repository.go:23.55,25.3 1 0
perpustakaan/features/feedback/mocks/repository.go:26.2,26.46 1 1
perpustakaan/features/feedback/mocks/repository.go:26.46,28.3 1 0
perpustakaan/features/feedback/mocks/repository.go:28.8,30.3 1 1
perpustakaan/features/feedback/mocks/repository.go:32.2,32.48 1 1
perpustakaan/features/feedback/mocks/repository.go:32.48,34.3 1 0
perpustakaan/features/feedback/mocks/repository.go:34.8,36.3 1 1
perpustakaan/features/feedback/mocks/repository.go:38.2,38.15 1 1
perpustakaan/features/feedback/mocks/repository.go:42.88,47.83 4 1
perpustakaan/features/feedback/mocks/repository.go:47.83,49.3 1 0
perpustakaan/features/feedback/mocks/repository.go:50.2,50.74 1 1
perpustakaan/features/feedback/mocks/repository.go:50.74,52.3 1 0
perpustakaan/features/feedback/mocks/repository.go:52.8,53.24 1 1
perpustakaan/features/feedback/mocks/repository.go:53.24,55.4 1 1
perpustakaan/features/feedback/mocks/repository.go:58.2,58.62 1 1
perpustakaan/features/feedback/mocks/repository.go:58.62,60.3 1 0
perpustakaan/features/feedback/mocks/repository.go:60.8,62.3 1 1
perpustakaan/features/feedback/mocks/repository.go:64.2,64.15 1 1
perpustakaan/features/feedback/mocks/repository.go:68.103,73.87 4 1
perpustakaan/features/feedback/mocks/repository.go:73.87,75.3 1 0
perpustakaan/features/feedback/mocks/repository.go:76.2,76.78 1 1
perpustakaan/features/feedback/mocks/repository.go:76.78,78.3 1 0
perpustakaan/features/feedback/mocks/repository.go:78.8,79.24 1 1
perpustakaan/features/feedback/mocks/repository.go:79.24,81.4 1 1
perpustakaan/features/feedback/mocks/repository.go:84.2,84.67 1 1
perpustakaan/features/feedback/mocks/repository.go:84.67,86.3 1 0
perpustakaan/features/feedback/mocks/repository.go:86.8,88.3 1 1
perpustakaan/features/feedback/mocks/repository.go:90.2,90.15 1 1
perpustakaan/features/feedback/mocks/repository.go:94.118,99.97 4 1
perpustakaan/features/feedback/mocks/repository.go:99.97,101.3 1 0
perpustakaan/features/feedback/mocks/repository.go:102.2,102.88 1 1
perpustakaan/features/feedback/mocks/repository.go:102.88,104.3 1 0
perpustakaan/features/feedback/mocks/repository.go:104.8,105.24 1 1
perpustakaan/features/feedback/mocks/repository.go:105.24,107.4 1 1
perpustakaan/features/feedback/mocks/repository.go:110.2,110.69 1 1
perpustakaan/features/feedback/mocks/repository.go:110.69,112.3 1 0
perpustakaan/features/feedback/mocks/repository.go:112.8,114.3 1 1
perpustakaan/features/feedback/mocks/repository.go:116.2,116.15 1 1
perpustakaan/features/feedback/mocks/repository.go:120.83,125.75 4 1
perpustakaan/features/feedback/mocks/repository.go:125.75,127.3 1 0
perpustakaan/features/feedback/mocks/repository.go:128.2,128.66 1 1
perpustakaan/features/feedback/mocks/repository.go:128.66,130.3 1 0
perpustakaan/features/feedback/mocks/repository.go:130.8,131.24 1 1
perpustakaan/features/feedback/mocks/repository.go:131.24,133.4 1 1
perpustakaan/features/feedback/mocks/repository.go:136.2,136.48 1 1
perpustakaan/features/feedback/mocks/repository.go:136.48,138.3 1 0
perpustakaan/features/feedback/mocks/repository.go:138.8,140.3 1 1
perpustakaan/features/feedback/mocks/repository.go:142.2,142.15 1 1
perpustakaan/features/feedback/mocks/repository.go:150.16,154.19 3 1
perpustakaan/features/feedback/mocks/repository.go:154.19,154.49 1 1
perpustakaan/features/feedback/mocks/repository.go:156.2,156.13 1 1
perpustakaan/features/feedback/usecase/service.go:16.77,21.2 1 1
perpustakaan/features/feedback/usecase/service.go:23.116,26.16 2 1
perpustakaan/features/feedback/usecase/service.go:26.16,28.3 1 1
perpustakaan/features/feedback/usecase/service.go:30.2,31.37 2 1
perpustakaan/features/feedback/usecase/service.go:31.37,32.28 1 1
perpustakaan/features/feedback/usecase/service.go:32.28,34.4 1 0
perpustakaan/features/feedback/usecase/service.go:36.3,44.5 1 1
perpustakaan/features/feedback/usecase/service.go:47.2,47.30 1 1
perpustakaan/features/feedback/usecase/service.go:50.80,53.16 2 1
perpustakaan/features/feedback/usecase/service.go:53.16,55.3 1 1
perpustakaan/features/feedback/usecase/service.go:57.2,57.21 1 1
perpustakaan/features/feedback/usecase/service.go:60.94,63.88 2 1
perpustakaan/features/feedback/usecase/service.go:63.88,65.3 1 0
perpustakaan/features/feedback/usecase/service.go:67.2,70.16 3 1
perpustakaan/features/feedback/usecase/service.go:70.16,72.3 1 1
perpustakaan/features/feedback/usecase/service.go:74.2,76.89 2 1
perpustakaan/features/feedback/usecase/service.go:76.89,78.3 1 0
perpustakaan/features/feedback/usecase/service.go:80.2,80.31 1 1
perpustakaan/features/feedback/usecase/service.go:83.101,86.91 2 1
perpustakaan/features/feedback/usecase/service.go:86.91,88.3 1 0
perpustakaan/features/feedback/usecase/service.go:90.2,94.16 4 1
perpustakaan/features/feedback/usecase/service.go:94.16,96.3 1 1
perpustakaan/features/feedback/usecase/service.go:98.2,98.23 1 1
perpustakaan/features/feedback/usecase/service.go:101.59,104.16 2 1
perpustakaan/features/feedback/usecase/service.go:104.16,106.3 1 1
perpustakaan/features/feedback/usecase/service.go:108.2,108.17 1 1
perpustakaan/features/loan_history/mocks/repository.go:18.66,23.55 4 1
perpustakaan/features/loan_history/mocks/repository.go:23.55,25.3 1 0
perpustakaan/features/loan_history/mocks/repository.go:26.2,26.46 1 1
perpustakaan/features/loan_history/mocks/repository.go:26.46,28.3 1 0
perpustakaan/features/loan_history/mocks/repository.go:28.8,30.3 1 1
perpustakaan/features/loan_history/mocks/repository.go:32.2,32.48 1 1
perpustakaan/features/loan_history/mocks/repository.go:32.48,34.3 1 0
perpustakaan/features/loan_history/mocks/repository.go:34.8,36.3 1 1
perpustakaan/features/loan_history/mocks/repository.go:38.2,38.15 1 1
perpustakaan/features/loan_history/mocks/repository.go:42.101,47.93 4 1
perpustakaan/features/loan_history/mocks/repository.go:47.93,49.3 1 0
perpustakaan/features/loan_history/mocks/repository.go:50.2,50.84 1 1
perpustakaan/features/loan_history/mocks/repository.go:50.84,52.3 1 0
perpustakaan/features/loan_history/mocks/repository.go:52.8,53.24 1 1
perpustakaan/features/loan_history/mocks/repository.go:53.24,55.4 1 1
perpustakaan/features/loan_history/mocks/repository.go:58.2,58.69 1 1
perpustakaan/features/loan_history/mocks/repository.go:58.69,60.3 1 0
perpustakaan/features/loan_history/mocks/repository.go:60.8,62.3 1 1
perpustakaan/features/loan_history/mocks/repository.go:64.2,64.15 1 1
perpustakaan/features/loan_history/mocks/repository.go:68.117,73.94 4 1
perpustakaan/features/loan_history/mocks/repository.go:73.94,75.3 1 0
perpustakaan/features/loan_history/mocks/repository.go:76.2,76.85 1 1
perpustakaan/features/loan_history/mocks/repository.go:76.85,78.3 1 0
perpustakaan/features/loan_history/mocks/repository.go:78.8,79.24 1 1
perpustakaan/features/loan_history/mocks/repository.go:79.24,81.4 1 1
perpustakaan/features/loan_history/mocks/repository.go:84.2,84.69 1 1
perpustakaan/features/loan_history/mocks/repository.go:84.69,86.3 1 0
perpustakaan/features/loan_history/mocks/repository.go:86.8,88.3 1 1
perpustakaan/features/loan_history/mocks/repository.go:90.2,90.15 1 1
perpustakaan/features/loan_history/mocks/repository.go:94.83,99.72 4 1
perpustakaan/features/loan_history/mocks/repository.go:99.72,101.3 1 0
perpustakaan/features/loan_history/mocks/repository.go:102.2,102.63 1 1
perpustakaan/features/loan_history/mocks/repository.go:102.63,104.3 1 0
perpustakaan/features/loan_history/mocks/repository.go:104.8,105.24 1 1
perpustakaan/features/loan_history/mocks/repository.go:105.24,107.4 1 1
perpustakaan/features/loan_history/mocks/repository.go:110.2,110.48 1 1
perpustakaan/features/loan_history/mocks/repository.go:110.48,112.3 1 0
perpustakaan/features/loan_history/mocks/repository.go:112.8,114.3 1 1
perpustakaan/features/loan_history/mocks/repository.go:116.2,116.15 1 1
perpustakaan/features/loan_history/mocks/repository.go:120.81,125.76 4 1
perpustakaan/features/loan_history/mocks/repository.go:125.76,127.3 1 0
perpustakaan/features/loan_history/mocks/repository.go:128.2,128.67 1 1
perpustakaan/features/loan_history/mocks/repository.go:128.67,130.3 1 0
perpustakaan/features/loan_history/mocks/repository.go:130.8,132.3 1 1
perpustakaan/features/loan_history/mocks/repository.go:134.2,134.69 1 1
perpustakaan/features/loan_history/mocks/repository.go:134.69,136.3 1 0
perpustakaan/features/loan_history/mocks/repository.go:136.8,138.3 1 1
perpustakaan/features/loan_history/mocks/repository.go:140.2,140.15 1 1
perpustakaan/features/loan_history/mocks/repository.go:144.101,149.68 4 1
perpustakaan/features/loan_history/mocks/repository.go:149.68,151.3 1 0
perpustakaan/features/loan_history/mocks/repository.go:152.2,152.59 1 1
perpustakaan/features/loan_history/mocks/repository.go:152.59,154.3 1 0
perpustakaan/features/loan_history/mocks/repository.go:154.8,156.3 1 1
perpustakaan/features/loan_history/mocks/repository.go:158.2,158.61 1 1
perpustakaan/features/loan_history/mocks/repository.go:158.61,160.3 1 0
perpustakaan/features/loan_history/mocks/repository.go:160.8,162.3 1 1
perpustakaan/features/loan_history/mocks/repository.go:164.2,164.15 1 1
perpustakaan/features/loan_history/mocks/repository.go:172.16,176.19 3 1
perpustakaan/features/loan_history/mocks/repository.go:176.19,176.49 1 1
perpustakaan/features/loan_history/mocks/repository.go:178.2,178.13 1 1
perpustakaan/features/loan_history/usecase/service.go:14.62,18.2 1 1
perpustakaan/features/loan_history/usecase/service.go:20.115,23.16 2 1
perpustakaan/features/loan_history/usecase/service.go:23.16,25.3 1 1
perpustakaan/features/loan_history/usecase/service.go:27.2,27.26 1 1
perpustakaan/features/loan_history/usecase/service.go:30.80,33.16 2 1
perpustakaan/features/loan_history/usecase/service.go:33.16,35.3 1 1
perpustakaan/features/loan_history/usecase/service.go:37.2,37.24 1 1
perpustakaan/features/loan_history/usecase/service.go:40.97,43.94 2 1
perpustakaan/features/loan_history/usecase/service.go:43.94,45.3 1 0
perpustakaan/features/loan_history/usecase/service.go:47.2,50.16 3 1
perpustakaan/features/loan_history/usecase/service.go:50.16,52.3 1 1
perpustakaan/features/loan_history/usecase/service.go:54.2,54.16 1 1
perpustakaan/features/loan_history/usecase/service.go:57.101,60.98 2 1
perpustakaan/features/loan_history/usecase/service.go:60.98,62.3 1 0
perpustakaan/features/loan_history/usecase/service.go:64.2,67.16 3 1
perpustakaan/features/loan_history/usecase/service.go:67.16,69.3 1 1
perpustakaan/features/loan_history/usecase/service.go:71.2,71.17 1 1
perpustakaan/features/loan_history/usecase/service.go:74.101,77.16 2 1
perpustakaan/features/loan_history/usecase/service.go:77.16,79.3 1 1
perpustakaan/features/loan_history/usecase/service.go:81.2,81.17 1 1
perpustakaan/features/loan_history/usecase/service.go:84.62,87.16 2 1
perpustakaan/features/loan_history/usecase/service.go:87.16,89.3 1 1
perpustakaan/features/loan_history/usecase/service.go:91.2,91.17 1 1
perpustakaan/features/member/mocks/repository.go:17.61,22.55 4 1
perpustakaan/features/member/mocks/repository.go:22.55,24.3 1 0
perpustakaan/features/member/mocks/repository.go:25.2,25.46 1 1
perpustakaan/features/member/mocks/repository.go:25.46,27.3 1 0
perpustakaan/features/member/mocks/repository.go:27.8,29.3 1 1
perpustakaan/features/member/mocks/repository.go:31.2,31.48 1 1
perpustakaan/features/member/mocks/repository.go:31.48,33.3 1 0
perpustakaan/features/member/mocks/repository.go:33.8,35.3 1 1
perpustakaan/features/member/mocks/repository.go:37.2,37.15 1 1
perpustakaan/features/member/mocks/repository.go:41.68,46.65 4 1
perpustakaan/features/member/mocks/repository.go:46.65,48.3 1 0
perpustakaan/features/member/mocks/repository.go:49.2,49.56 1 1
perpustakaan/features/member/mocks/repository.go:49.56,51.3 1 0
perpustakaan/features/member/mocks/repository.go:51.8,53.3 1 1
perpustakaan/features/member/mocks/repository.go:55.2,55.58 1 1
perpustakaan/features/member/mocks/repository.go:55.58,57.3 1 0
perpustakaan/features/member/mocks/repository.go:57.8,59.3 1 1
perpustakaan/features/member/mocks/repository.go:61.2,61.15 1 1
perpustakaan/features/member/mocks/repository.go:65.116,70.88 4 1
perpustakaan/features/member/mocks/repository.go:70.88,72.3 1 0
perpustakaan/features/member/mocks/repository.go:73.2,73.79 1 1
perpustakaan/features/member/mocks/repository.go:73.79,75.3 1 0
perpustakaan/features/member/mocks/repository.go:75.8,76.24 1 1
perpustakaan/features/member/mocks/repository.go:76.24,78.4 1 1
perpustakaan/features/member/mocks/repository.go:81.2,81.69 1 1
perpustakaan/features/member/mocks/repository.go:81.69,83.3 1 0
perpustakaan/features/member/mocks/repository.go:83.8,85.3 1 1
perpustakaan/features/member/mocks/repository.go:87.2,87.15 1 1
perpustakaan/features/member/mocks/repository.go:91.97,96.69 4 1
perpustakaan/features/member/mocks/repository.go:96.69,98.3 1 0
perpustakaan/features/member/mocks/repository.go:99.2,99.60 1 1
perpustakaan/features/member/mocks/repository.go:99.60,101.3 1 0
perpustakaan/features/member/mocks/repository.go:101.8,102.24 1 1
perpustakaan/features/member/mocks/repository.go:102.24,104.4 1 1
perpustakaan/features/member/mocks/repository.go:107.2,107.51 1 1
perpustakaan/features/member/mocks/repository.go:107.51,109.3 1 0
perpustakaan/features/member/mocks/repository.go:109.8,111.3 1 1
perpustakaan/features/member/mocks/repository.go:113.2,113.15 1 1
perpustakaan/features/member/mocks/repository.go:117.75,122.69 4 1
perpustakaan/features/member/mocks/repository.go:122.69,124.3 1 0
perpustakaan/features/member/mocks/repository.go:125.2,125.60 1 1
perpustakaan/features/member/mocks/repository.go:125.60,127.3 1 0
perpustakaan/features/member/mocks/repository.go:127.8,128.24 1 1
perpustakaan/features/member/mocks/repository.go:128.24,130.4 1 1
perpustakaan/features/member/mocks/repository.go:133.2,133.51 1 1
perpustakaan/features/member/mocks/repository.go:133.51,135.3 1 0
perpustakaan/features/member/mocks/repository.go:135.8,137.3 1 1
perpustakaan/features/member/mocks/repository.go:139.2,139.15 1 1
perpustakaan/features/member/mocks/repository.go:143.72,148.66 4 1
perpustakaan/features/member/mocks/repository.go:148.66,150.3 1 0
perpustakaan/features/member/mocks/repository.go:151.2,151.57 1 1
perpustakaan/features/member/mocks/repository.go:151.57,153.3 1 0
perpustakaan/features/member/mocks/repository.go:153.8,154.24 1 1
perpustakaan/features/member/mocks/repository.go:154.24,156.4 1 1
perpustakaan/features/member/mocks/repository.go:159.2,159.48 1 1
perpustakaan/features/member/mocks/repository.go:159.48,161.3 1 0
perpustakaan/features/member/mocks/repository.go:161.8,163.3 1 1
perpustakaan/features/member/mocks/repository.go:165.2,165.15 1 1
perpustakaan/features/member/mocks/repository.go:169.62,174.65 4 1
perpustakaan/features/member/mocks/repository.go:174.65,176.3 1 0
perpustakaan/features/member/mocks/repository.go:177.2,177.56 1 1
perpustakaan/features/member/mocks/repository.go:177.56,179.3 1 0
perpustakaan/features/member/mocks/repository.go:179.8,181.3 1 1
perpustakaan/features/member/mocks/repository.go:183.2,183.58 1 1
perpustakaan/features/member/mocks/repository.go:183.58,185.3 1 0
perpustakaan/features/member/mocks/repository.go:185.8,187.3 1 1
perpustakaan/features/member/mocks/repository.go:189.2,189.15 1 1
perpustakaan/features/member/mocks/repository.go:197.16,201.19 3 1
perpustakaan/features/member/mocks/repository.go:201.19,201.49 1 1
perpustakaan/features/member/mocks/repository.go:203.2,203.13 1 1
perpustakaan/features/member/usecase/service.go:16.73,21.2 1 1
perpustakaan/features/member/usecase/service.go:23.115,28.16 3 1
perpustakaan/features/member/usecase/service.go:28.16,30.3 1 1
perpustakaan/features/member/usecase/service.go:32.2,32.33 1 1
perpustakaan/features/member/usecase/service.go:32.33,35.80 2 1
perpustakaan/features/member/usecase/service.go:35.80,37.4 1 0
perpustakaan/features/member/usecase/service.go:39.3,39.26 1 1
perpustakaan/features/member/usecase/service.go:42.2,42.16 1 1
perpustakaan/features/member/usecase/service.go:45.70,49.16 3 1
perpustakaan/features/member/usecase/service.go:49.16,51.3 1 1
perpustakaan/features/member/usecase/service.go:53.2,53.78 1 1
perpustakaan/features/member/usecase/service.go:53.78,55.3 1 0
perpustakaan/features/member/usecase/service.go:57.2,57.17 1 1
perpustakaan/features/member/usecase/service.go:60.82,65.26 3 1
perpustakaan/features/member/usecase/service.go:65.26,67.3 1 1
perpustakaan/features/member/usecase/service.go:69.2,71.37 2 1
perpustakaan/features/member/usecase/service.go:71.37,73.3 1 1
perpustakaan/features/member/usecase/service.go:75.2,75.84 1 1
perpustakaan/features/member/usecase/service.go:75.84,77.3 1 0
perpustakaan/features/member/usecase/service.go:79.2,80.24 2 1
perpustakaan/features/member/usecase/service.go:80.24,82.3 1 1
perpustakaan/features/member/usecase/service.go:84.2,88.16 3 1
perpustakaan/features/member/usecase/service.go:88.16,90.3 1 1
perpustakaan/features/member/usecase/service.go:92.2,94.81 2 1
perpustakaan/features/member/usecase/service.go:94.81,96.3 1 0
perpustakaan/features/member/usecase/service.go:98.2,98.17 1 1
perpustakaan/features/member/usecase/service.go:101.86,104.88 2 1
perpustakaan/features/member/usecase/service.go:104.88,106.3 1 0
perpustakaan/features/member/usecase/service.go:108.2,109.24 2 1
perpustakaan/features/member/usecase/service.go:109.24,111.3 1 1
perpustakaan/features/member/usecase/service.go:113.2,118.16 4 1
perpustakaan/features/member/usecase/service.go:118.16,120.3 1 1
perpustakaan/features/member/usecase/service.go:122.2,122.17 1 1
perpustakaan/features/member/usecase/service.go:125.57,128.16 2 1
perpustakaan/features/member/usecase/service.go:128.16,130.3 1 1
perpustakaan/features/member/usecase/service.go:132.2,132.17 1 1
perpustakaan/features/publisher/mocks/repository.go:17.64,22.55 4 1
perpustakaan/features/publisher/mocks/repository.go:22.55,24.3 1 0
perpustakaan/features/publisher/mocks/repository.go:25.2,25.46 1 1
perpustakaan/features/publisher/mocks/repository.go:25.46,27.3 1 0
perpustakaan/features/publisher/mocks/repository.go:27.8,29.3 1 1
perpustakaan/features/publisher/mocks/repository.go:31.2,31.48 1 1
perpustakaan/features/publisher/mocks/repository.go:31.48,33.3 1 0
perpustakaan/features/publisher/mocks/repository.go:33.8,35.3 1 1
perpustakaan/features/publisher/mocks/repository.go:37.2,37.15 1 1
perpustakaan/features/publisher/mocks/repository.go:41.77,46.71 4 1
perpustakaan/features/publisher/mocks/repository.go:46.71,48.3 1 0
perpustakaan/features/publisher/mocks/repository.go:49.2,49.62 1 1
perpustakaan/features/publisher/mocks/repository.go:49.62,51.3 1 0
perpustakaan/features/publisher/mocks/repository.go:51.8,53.3 1 1
perpustakaan/features/publisher/mocks/repository.go:55.2,55.64 1 1
perpustakaan/features/publisher/mocks/repository.go:55.64,57.3 1 0
perpustakaan/features/publisher/mocks/repository.go:57.8,59.3 1 1
perpustakaan/features/publisher/mocks/repository.go:61.2,61.15 1 1
perpustakaan/features/publisher/mocks/repository.go:65.101,70.86 4 1
perpustakaan/features/publisher/mocks/repository.go:70.86,72.3 1 0
perpustakaan/features/publisher/mocks/repository.go:73.2,73.77 1 1
perpustakaan/features/publisher/mocks/repository.go:73.77,75.3 1 0
perpustakaan/features/publisher/mocks/repository.go:75.8,76.24 1 1
perpustakaan/features/publisher/mocks/repository.go:76.24,78.4 1 1
perpustakaan/features/publisher/mocks/repository.go:81.2,81.61 1 1
perpustakaan/features/publisher/mocks/repository.go:81.61,83.3 1 0
perpustakaan/features/publisher/mocks/repository.go:83.8,85.3 1 1
perpustakaan/features/publisher/mocks/repository.go:87.2,87.15 1 1
perpustakaan/features/publisher/mocks/repository.go:91.81,96.72 4 1
perpustakaan/features/publisher/mocks/repository.go:96.72,98.3 1 0
perpustakaan/features/publisher/mocks/repository.go:99.2,99.63 1 1
perpustakaan/features/publisher/mocks/repository.go:99.63,101.3 1 0
perpustakaan/features/publisher/mocks/repository.go:101.8,102.24 1 1
perpustakaan/features/publisher/mocks/repository.go:102.24,104.4 1 1
perpustakaan/features/publisher/mocks/repository.go:107.2,107.48 1 1
perpustakaan/features/publisher/mocks/repository.go:107.48,109.3 1 0
perpustakaan/features/publisher/mocks/repository.go:109.8,111.3 1 1
perpustakaan/features/publisher/mocks/repository.go:113.2,113.15 1 1
perpustakaan/features/publisher/mocks/repository.go:117.68,122.71 4 1
perpustakaan/features/publisher/mocks/repository.go:122.71,124.3 1 0
perpustakaan/features/publisher/mocks/repository.go:125.2,125.62 1 1
perpustakaan/features/publisher/mocks/repository.go:125.62,127.3 1 0
perpustakaan/features/publisher/mocks/repository.go:127.8,129.3 1 1
perpustakaan/features/publisher/mocks/repository.go:131.2,131.64 1 1
perpustakaan/features/publisher/mocks/repository.go:131.64,133.3 1 0
perpustakaan/features/publisher/mocks/repository.go:133.8,135.3 1 1
perpustakaan/features/publisher/mocks/repository.go:137.2,137.15 1 1
perpustakaan/features/publisher/mocks/repository.go:145.16,149.19 3 1
perpustakaan/features/publisher/mocks/repository.go:149.19,149.49 1 1
perpustakaan/features/publisher/mocks/repository.go:151.2,151.13 1 1
perpustakaan/features/publisher/usecase/service.go:14.56,18.2 1 1
perpustakaan/features/publisher/usecase/service.go:20.97,25.16 3 1
perpustakaan/features/publisher/usecase/service.go:25.16,27.3 1 1
perpustakaan/features/publisher/usecase/service.go:29.2,29.39 1 1
perpustakaan/features/publisher/usecase/service.go:29.39,32.83 2 1
perpustakaan/features/publisher/usecase/service.go:32.83,34.4 1 0
perpustakaan/features/publisher/usecase/service.go:36.3,36.26 1 1
perpustakaan/features/publisher/usecase/service.go:39.2,39.16 1 1
perpustakaan/features/publisher/usecase/service.go:42.76,47.16 3 1
perpustakaan/features/publisher/usecase/service.go:47.16,49.3 1 1
perpustakaan/features/publisher/usecase/service.go:51.2,51.81 1 1
perpustakaan/features/publisher/usecase/service.go:51.81,53.3 1 0
perpustakaan/features/publisher/usecase/service.go:55.2,55.17 1 1
perpustakaan/features/publisher/usecase/service.go:58.84,61.83 2 1
perpustakaan/features/publisher/usecase/service.go:61.83,63.3 1 0
perpustakaan/features/publisher/usecase/service.go:65.2,67.16 2 1
perpustakaan/features/publisher/usecase/service.go:67.16,69.3 1 1
perpustakaan/features/publisher/usecase/service.go:71.2,73.81 2 1
perpustakaan/features/publisher/usecase/service.go:73.81,75.3 1 0
perpustakaan/features/publisher/usecase/service.go:77.2,77.17 1 1
perpustakaan/features/publisher/usecase/service.go:80.95,83.91 2 1
perpustakaan/features/publisher/usecase/service.go:83.91,85.3 1 0
perpustakaan/features/publisher/usecase/service.go:87.2,90.16 3 1
perpustakaan/features/publisher/usecase/service.go:90.16,92.3 1 1
perpustakaan/features/publisher/usecase/service.go:94.2,94.17 1 1
perpustakaan/features/publisher/usecase/service.go:97.60,100.16 2 1
perpustakaan/features/publisher/usecase/service.go:100.16,102.3 1 1
perpustakaan/features/publisher/usecase/service.go:104.2,104.17 1 1
perpustakaan/features/transaction/mocks/repository.go:20.66,25.55 4 1
perpustakaan/features/transaction/mocks/repository.go:25.55,27.3 1 0
perpustakaan/features/transaction/mocks/repository.go:28.2,28.46 1 1
perpustakaan/features/transaction/mocks/repository.go:28.46,30.3 1 0
perpustakaan/features/transaction/mocks/repository.go:30.8,32.3 1 1
perpustakaan/features/transaction/mocks/repository.go:34.2,34.48 1 1
perpustakaan/features/transaction/mocks/repository.go:34.48,36.3 1 0
perpustakaan/features/transaction/mocks/repository.go:36.8,38.3 1 1
perpustakaan/features/transaction/mocks/repository.go:40.2,40.15 1 1
perpustakaan/features/transaction/mocks/repository.go:44.85,49.61 4 0
perpustakaan/features/transaction/mocks/repository.go:49.61,51.3 1 0
perpustakaan/features/transaction/mocks/repository.go:52.2,52.52 1 0
perpustakaan/features/transaction/mocks/repository.go:52.52,54.3 1 0
perpustakaan/features/transaction/mocks/repository.go:54.8,56.3 1 0
perpustakaan/features/transaction/mocks/repository.go:58.2,58.51 1 0
perpustakaan/features/transaction/mocks/repository.go:58.51,60.3 1 0
perpustakaan/features/transaction/mocks/repository.go:60.8,62.3 1 0
perpustakaan/features/transaction/mocks/repository.go:64.2,64.15 1 0
perpustakaan/features/transaction/mocks/repository.go:68.83,73.75 4 1
perpustakaan/features/transaction/mocks/repository.go:73.75,75.3 1 0
perpustakaan/features/transaction/mocks/repository.go:76.2,76.66 1 1
perpustakaan/features/transaction/mocks/repository.go:76.66,78.3 1 0
perpustakaan/features/transaction/mocks/repository.go:78.8,80.3 1 1
perpustakaan/features/transaction/mocks/repository.go:82.2,82.68 1 1
perpustakaan/features/transaction/mocks/repository.go:82.68,84.3 1 0
perpustakaan/features/transaction/mocks/repository.go:84.8,86.3 1 1
perpustakaan/features/transaction/mocks/repository.go:88.2,88.15 1 1
perpustakaan/features/transaction/mocks/repository.go:92.87,97.82 4 1
perpustakaan/features/transaction/mocks/repository.go:97.82,99.3 1 0
perpustakaan/features/transaction/mocks/repository.go:100.2,100.73 1 1
perpustakaan/features/transaction/mocks/repository.go:100.73,102.3 1 0
perpustakaan/features/transaction/mocks/repository.go:102.8,103.24 1 1
perpustakaan/features/transaction/mocks/repository.go:103.24,105.4 1 1
perpustakaan/features/transaction/mocks/repository.go:108.2,108.53 1 1
perpustakaan/features/transaction/mocks/repository.go:108.53,110.3 1 0
perpustakaan/features/transaction/mocks/repository.go:110.8,112.3 1 1
perpustakaan/features/transaction/mocks/repository.go:114.2,114.15 1 1
perpustakaan/features/transaction/mocks/repository.go:118.90,123.67 4 1
perpustakaan/features/transaction/mocks/repository.go:123.67,125.3 1 0
perpustakaan/features/transaction/mocks/repository.go:126.2,126.58 1 1
perpustakaan/features/transaction/mocks/repository.go:126.58,128.3 1 0
perpustakaan/features/transaction/mocks/repository.go:128.8,129.24 1 1
perpustakaan/features/transaction/mocks/repository.go:129.24,131.4 1 1
perpustakaan/features/transaction/mocks/repository.go:134.2,134.48 1 1
perpustakaan/features/transaction/mocks/repository.go:134.48,136.3 1 0
perpustakaan/features/transaction/mocks/repository.go:136.8,138.3 1 1
perpustakaan/features/transaction/mocks/repository.go:140.2,140.15 1 1
perpustakaan/features/transaction/mocks/repository.go:144.100,149.67 4 1
perpustakaan/features/transaction/mocks/repository.go:149.67,151.3 1 0
perpustakaan/features/transaction/mocks/repository.go:152.2,152.58 1 1
perpustakaan/features/transaction/mocks/repository.go:152.58,154.3 1 0
perpustakaan/features/transaction/mocks/repository.go:154.8,155.24 1 1
perpustakaan/features/transaction/mocks/repository.go:155.24,157.4 1 1
perpustakaan/features/transaction/mocks/repository.go:160.2,160.48 1 1
perpustakaan/features/transaction/mocks/repository.go:160.48,162.3 1 0
perpustakaan/features/transaction/mocks/repository.go:162.8,164.3 1 1
perpustakaan/features/transaction/mocks/repository.go:166.2,166.15 1 1
perpustakaan/features/transaction/mocks/repository.go:170.87,175.76 4 1
perpustakaan/features/transaction/mocks/repository.go:175.76,177.3 1 0
perpustakaan/features/transaction/mocks/repository.go:178.2,178.67 1 1
perpustakaan/features/transaction/mocks/repository.go:178.67,180.3 1 0
perpustakaan/features/transaction/mocks/repository.go:180.8,181.24 1 1
perpustakaan/features/transaction/mocks/repository.go:181.24,183.4 1 1
perpustakaan/features/transaction/mocks/repository.go:186.2,186.48 1 1
perpustakaan/features/transaction/mocks/repository.go:186.48,188.3 1 0
perpustakaan/features/transaction/mocks/repository.go:188.8,190.3 1 1
perpustakaan/features/transaction/mocks/repository.go:192.2,192.15 1 1
perpustakaan/features/transaction/mocks/repository.go:196.107,201.71 4 1
perpustakaan/features/transaction/mocks/repository.go:201.71,203.3 1 0
perpustakaan/features/transaction/mocks/repository.go:204.2,204.62 1 1
perpustakaan/features/transaction/mocks/repository.go:204.62,206.3 1 0
perpustakaan/features/transaction/mocks/repository.go:206.8,207.24 1 1
perpustakaan/features/transaction/mocks/repository.go:207.24,209.4 1 0
perpustakaan/features/transaction/mocks/repository.go:212.2,212.53 1 1
perpustakaan/features/transaction/mocks/repository.go:212.53,214.3 1 0
perpustakaan/features/transaction/mocks/repository.go:214.8,216.3 1 1
perpustakaan/features/transaction/mocks/repository.go:218.2,218.15 1 1
perpustakaan/features/transaction/mocks/repository.go:222.78,227.66 4 1
perpustakaan/features/transaction/mocks/repository.go:227.66,229.3 1 0
perpustakaan/features/transaction/mocks/repository.go:230.2,230.57 1 1
perpustakaan/features/transaction/mocks/repository.go:230.57,232.3 1 0
perpustakaan/features/transaction/mocks/repository.go:232.8,233.24 1 1
perpustakaan/features/transaction/mocks/repository.go:233.24,235.4 1 1
perpustakaan/features/transaction/mocks/repository.go:238.2,238.48 1 1
perpustakaan/features/transaction/mocks/repository.go:238.48,240.3 1 0
perpustakaan/features/transaction/mocks/repository.go:240.8,242.3 1 1
perpustakaan/features/transaction/mocks/repository.go:244.2,244.15 1 1
perpustakaan/features/transaction/mocks/repository.go:248.100,253.79 4 1
perpustakaan/features/transaction/mocks/repository.go:253.79,255.3 1 0
perpustakaan/features/transaction/mocks/repository.go:256.2,256.70 1 1
perpustakaan/features/transaction/mocks/repository.go:256.70,258.3 1 0
perpustakaan/features/transaction/mocks/repository.go:258.8,259.24 1 1
perpustakaan/features/transaction/mocks/repository.go:259.24,261.4 1 1
perpustakaan/features/transaction/mocks/repository.go:264.2,264.51 1 1
perpustakaan/features/transaction/mocks/repository.go:264.51,266.3 1 0
perpustakaan/features/transaction/mocks/repository.go:266.8,268.3 1 1
perpustakaan/features/transaction/mocks/repository.go:270.2,270.15 1 1
perpustakaan/features/transaction/mocks/repository.go:274.76,279.56 4 1
perpustakaan/features/transaction/mocks/repository.go:279.56,281.3 1 0
perpustakaan/features/transaction/mocks/repository.go:282.2,282.47 1 1
perpustakaan/features/transaction/mocks/repository.go:282.47,284.3 1 0
perpustakaan/features/transaction/mocks/repository.go:284.8,286.3 1 1
perpustakaan/features/transaction/mocks/repository.go:288.2,288.48 1 1
perpustakaan/features/transaction/mocks/repository.go:288.48,290.3 1 0
perpustakaan/features/transaction/mocks/repository.go:290.8,292.3 1 1
perpustakaan/features/transaction/mocks/repository.go:294.2,294.15 1 1
perpustakaan/features/transaction/mocks/repository.go:298.72,303.75 4 1
perpustakaan/features/transaction/mocks/repository.go:303.75,305.3 1 0
perpustakaan/features/transaction/mocks/repository.go:306.2,306.66 1 1
perpustakaan/features/transaction/mocks/repository.go:306.66,308.3 1 0
perpustakaan/features/transaction/mocks/repository.go:308.8,310.3 1 1
perpustakaan/features/transaction/mocks/repository.go:312.2,312.68 1 1
perpustakaan/features/transaction/mocks/repository.go:312.68,314.3 1 0
perpustakaan/features/transaction/mocks/repository.go:314.8,316.3 1 1
perpustakaan/features/transaction/mocks/repository.go:318.2,318.15 1 1
perpustakaan/features/transaction/mocks/repository.go:322.108,327.73 4 1
perpustakaan/features/transaction/mocks/repository.go:327.73,329.3 1 0
perpustakaan/features/transaction/mocks/repository.go:330.2,330.64 1 1
perpustakaan/features/transaction/mocks/repository.go:330.64,332.3 1 0
perpustakaan/features/transaction/mocks/repository.go:332.8,334.3 1 1
perpustakaan/features/transaction/mocks/repository.go:336.2,336.65 1 1
perpustakaan/features/transaction/mocks/repository.go:336.65,338.3 1 0
perpustakaan/features/transaction/mocks/repository.go:338.8,340.3 1 1
perpustakaan/features/transaction/mocks/repository.go:342.2,342.15 1 1
perpustakaan/features/transaction/mocks/repository.go:346.84,351.64 4 1
perpustakaan/features/transaction/mocks/repository.go:351.64,353.3 1 0
perpustakaan/features/transaction/mocks/repository.go:354.2,354.55 1 1
perpustakaan/features/transaction/mocks/repository.go:354.55,356.3 1 0
perpustakaan/features/transaction/mocks/repository.go:356.8,358.3 1 1
perpustakaan/features/transaction/mocks/repository.go:360.2,360.56 1 1
perpustakaan/features/transaction/mocks/repository.go:360.56,362.3 1 0
perpustakaan/features/transaction/mocks/repository.go:362.8,364.3 1 1
perpustakaan/features/transaction/mocks/repository.go:366.2,366.15 1 1
perpustakaan/features/transaction/mocks/repository.go:374.16,378.19 3 1
perpustakaan/features/transaction/mocks/repository.go:378.19,378.49 1 1
perpustakaan/features/transaction/mocks/repository.go:380.2,380.13 1 1
perpustakaan/features/transaction/usecase/service.go:19.83,24.2 1 1
perpustakaan/features/transaction/usecase/service.go:26.77,31.16 3 1
perpustakaan/features/transaction/usecase/service.go:31.16,33.3 1 1
perpustakaan/features/transaction/usecase/service.go:35.2,35.43 1 1
perpustakaan/features/transaction/usecase/service.go:35.43,38.85 2 1
perpustakaan/features/transaction/usecase/service.go:38.85,40.4 1 0
perpustakaan/features/transaction/usecase/service.go:42.3,42.26 1 1
perpustakaan/features/transaction/usecase/service.go:45.2,45.16 1 1
perpustakaan/features/transaction/usecase/service.go:48.80,52.16 3 1
perpustakaan/features/transaction/usecase/service.go:52.16,54.3 1 1
perpustakaan/features/transaction/usecase/service.go:56.2,56.83 1 1
perpustakaan/features/transaction/usecase/service.go:56.83,58.3 1 0
perpustakaan/features/transaction/usecase/service.go:60.2,62.16 2 1
perpustakaan/features/transaction/usecase/service.go:62.16,64.3 1 1
perpustakaan/features/transaction/usecase/service.go:66.2,68.17 2 1
perpustakaan/features/transaction/usecase/service.go:71.97,76.16 3 1
perpustakaan/features/transaction/usecase/service.go:76.16,78.3 1 0
perpustakaan/features/transaction/usecase/service.go:80.2,80.37 1 1
perpustakaan/features/transaction/usecase/service.go:80.37,81.49 1 1
perpustakaan/features/transaction/usecase/service.go:81.49,84.26 2 1
perpustakaan/features/transaction/usecase/service.go:84.26,86.5 1 1
perpustakaan/features/transaction/usecase/service.go:88.4,88.47 1 0
perpustakaan/features/transaction/usecase/service.go:90.8,93.46 2 1
perpustakaan/features/transaction/usecase/service.go:93.46,95.4 1 1
perpustakaan/features/transaction/usecase/service.go:98.2,105.33 4 1
perpustakaan/features/transaction/usecase/service.go:105.33,113.3 2 1
perpustakaan/features/transaction/usecase/service.go:115.2,125.16 4 1
perpustakaan/features/transaction/usecase/service.go:125.16,127.3 1 1
perpustakaan/features/transaction/usecase/service.go:129.2,132.94 3 1
perpustakaan/features/transaction/usecase/service.go:132.94,135.3 2 0
perpustakaan/features/transaction/usecase/service.go:136.2,141.16 5 1
perpustakaan/features/transaction/usecase/service.go:141.16,143.3 1 1
perpustakaan/features/transaction/usecase/service.go:145.2,145.92 1 1
perpustakaan/features/transaction/usecase/service.go:145.92,147.3 1 0
perpustakaan/features/transaction/usecase/service.go:149.2,151.28 2 1
perpustakaan/features/transaction/usecase/service.go:154.151,157.38 2 1
perpustakaan/features/transaction/usecase/service.go:157.38,160.17 2 1
perpustakaan/features/transaction/usecase/service.go:160.17,162.4 1 1
perpustakaan/features/transaction/usecase/service.go:164.3,164.50 1 0
perpustakaan/features/transaction/usecase/service.go:164.50,167.26 2 0
perpustakaan/features/transaction/usecase/service.go:167.26,169.5 1 0
perpustakaan/features/transaction/usecase/service.go:171.4,171.47 1 0
perpustakaan/features/transaction/usecase/service.go:173.8,176.46 2 1
perpustakaan/features/transaction/usecase/service.go:176.46,178.4 1 1
perpustakaan/features/transaction/usecase/service.go:181.2,183.98 2 1
perpustakaan/features/transaction/usecase/service.go:183.98,185.3 1 0
perpustakaan/features/transaction/usecase/service.go:187.2,193.16 6 1
perpustakaan/features/transaction/usecase/service.go:193.16,195.3 1 1
perpustakaan/features/transaction/usecase/service.go:197.2,197.92 1 1
perpustakaan/features/transaction/usecase/service.go:197.92,199.3 1 1
perpustakaan/features/transaction/usecase/service.go:201.2,201.17 1 1
perpustakaan/features/transaction/usecase/service.go:204.62,207.16 2 1
perpustakaan/features/transaction/usecase/service.go:207.16,209.3 1 1
perpustakaan/features/transaction/usecase/service.go:211.2,211.17 1 1
perpustakaan/features/transaction/usecase/service.go:214.74,216.12 2 1
perpustakaan/features/transaction/usecase/service.go:216.12,218.3 1 1
perpustakaan/features/transaction/usecase/service.go:220.2,221.16 2 1
perpustakaan/features/transaction/usecase/service.go:221.16,223.3 1 1
perpustakaan/features/transaction/usecase/service.go:225.2,225.16 1 1
perpustakaan/features/transaction/usecase/service.go:225.16,227.3 1 0
perpustakaan/features/transaction/usecase/service.go:229.2,230.16 2 1
perpustakaan/features/transaction/usecase/service.go:230.16,232.3 1 1
perpustakaan/features/transaction/usecase/service.go:234.2,234.74 1 1
perpustakaan/features/transaction/usecase/service.go:234.74,236.3 1 1
perpustakaan/features/transaction/usecase/service.go:238.2,238.17 1 1
