mode: set
perpustakaan/features/auth/usecase/service.go:16.69,21.2 1 1
perpustakaan/features/auth/usecase/service.go:23.120,28.17 4 1
perpustakaan/features/auth/usecase/service.go:28.17,31.17 2 1
perpustakaan/features/auth/usecase/service.go:31.17,33.4 1 1
perpustakaan/features/auth/usecase/service.go:35.3,36.21 2 1
perpustakaan/features/auth/usecase/service.go:37.8,40.17 2 1
perpustakaan/features/auth/usecase/service.go:40.17,42.4 1 1
perpustakaan/features/auth/usecase/service.go:44.3,45.18 2 0
perpustakaan/features/auth/usecase/service.go:48.2,48.16 1 1
perpustakaan/features/auth/usecase/service.go:48.16,50.3 1 0
perpustakaan/features/auth/usecase/service.go:52.2,52.31 1 1
perpustakaan/features/auth/usecase/service.go:52.31,54.3 1 0
perpustakaan/features/auth/usecase/service.go:56.2,56.88 1 1
perpustakaan/features/auth/usecase/service.go:56.88,65.3 3 1
perpustakaan/features/auth/usecase/service.go:67.2,67.39 1 1
perpustakaan/features/auth/usecase/service.go:70.89,73.16 2 1
perpustakaan/features/auth/usecase/service.go:73.16,75.3 1 1
perpustakaan/features/auth/usecase/service.go:77.2,79.82 2 1
perpustakaan/features/auth/usecase/service.go:79.82,81.3 1 0
perpustakaan/features/auth/usecase/service.go:83.2,83.22 1 1
perpustakaan/features/auth/usecase/service.go:86.112,89.95 2 1
perpustakaan/features/auth/usecase/service.go:89.95,91.3 1 0
perpustakaan/features/auth/usecase/service.go:93.2,94.24 2 1
perpustakaan/features/auth/usecase/service.go:94.24,96.3 1 1
perpustakaan/features/auth/usecase/service.go:97.2,101.16 3 1
perpustakaan/features/auth/usecase/service.go:101.16,103.3 1 1
perpustakaan/features/auth/usecase/service.go:105.2,107.90 2 1
perpustakaan/features/auth/usecase/service.go:107.90,109.3 1 0
perpustakaan/features/auth/usecase/service.go:111.2,111.26 1 1
perpustakaan/features/auth/usecase/service.go:114.81,117.18 2 1
perpustakaan/features/auth/usecase/service.go:117.18,119.3 1 1
perpustakaan/features/auth/usecase/service.go:121.2,124.7 1 1
